# JRE version: OpenJDK Runtime Environment (11.0.9.1+1) (build 11.0.9.1+1-Ubuntu-0ubuntu1.20.04)
# Java VM: OpenJDK 64-Bit Server VM (11.0.9.1+1-Ubuntu-0ubuntu1.20.04, mixed mode, sharing, tiered, compressed oops, g1 gc, linux-amd64)
Heap:
 garbage-first heap   total 232448K, used 34024K [0x000000008c600000, 0x0000000100000000)
  region size 1024K, 6 young (6144K), 2 survivors (2048K)
 Metaspace       used 65400K, capacity 67136K, committed 67328K, reserved 1107968K
  class space    used 8506K, capacity 9170K, committed 9216K, reserved 1048576K
GC Heap History (20 events):
Event: 4,042 GC heap before
{Heap before GC invocations=4 (full 0):
 garbage-first heap   total 120832K, used 62030K [0x000000008c600000, 0x0000000100000000)
  region size 1024K, 57 young (58368K), 5 survivors (5120K)
 Metaspace       used 20490K, capacity 21129K, committed 21248K, reserved 1067008K
  class space    used 2520K, capacity 2786K, committed 2816K, reserved 1048576K
}
Event: 4,075 GC heap after
{Heap after GC invocations=5 (full 0):
 garbage-first heap   total 155648K, used 11140K [0x000000008c600000, 0x0000000100000000)
  region size 1024K, 4 young (4096K), 4 survivors (4096K)
 Metaspace       used 20490K, capacity 21129K, committed 21248K, reserved 1067008K
  class space    used 2520K, capacity 2786K, committed 2816K, reserved 1048576K
}
Event: 5,333 GC heap before
{Heap before GC invocations=6 (full 0):
 garbage-first heap   total 155648K, used 89988K [0x000000008c600000, 0x0000000100000000)
  region size 1024K, 82 young (83968K), 4 survivors (4096K)
 Metaspace       used 24904K, capacity 25784K, committed 26112K, reserved 1071104K
  class space    used 3111K, capacity 3480K, committed 3584K, reserved 1048576K
}
Event: 5,354 GC heap after
{Heap after GC invocations=7 (full 0):
 garbage-first heap   total 155648K, used 12557K [0x000000008c600000, 0x0000000100000000)
  region size 1024K, 6 young (6144K), 6 survivors (6144K)
 Metaspace       used 24904K, capacity 25784K, committed 26112K, reserved 1071104K
  class space    used 3111K, capacity 3480K, committed 3584K, reserved 1048576K
}
Event: 6,836 GC heap before
{Heap before GC invocations=7 (full 0):
 garbage-first heap   total 155648K, used 98573K [0x000000008c600000, 0x0000000100000000)
  region size 1024K, 91 young (93184K), 6 survivors (6144K)
 Metaspace       used 30969K, capacity 32049K, committed 32256K, reserved 1077248K
  class space    used 3905K, capacity 4338K, committed 4352K, reserved 1048576K
}
Event: 6,854 GC heap after
{Heap after GC invocations=8 (full 0):
 garbage-first heap   total 155648K, used 15978K [0x000000008c600000, 0x0000000100000000)
  region size 1024K, 9 young (9216K), 9 survivors (9216K)
 Metaspace       used 30969K, capacity 32049K, committed 32256K, reserved 1077248K
  class space    used 3905K, capacity 4338K, committed 4352K, reserved 1048576K
}
Event: 7,146 GC heap before
{Heap before GC invocations=8 (full 0):
 garbage-first heap   total 155648K, used 98922K [0x000000008c600000, 0x0000000100000000)
  region size 1024K, 91 young (93184K), 9 survivors (9216K)
 Metaspace       used 32306K, capacity 33474K, committed 33792K, reserved 1079296K
  class space    used 4046K, capacity 4513K, committed 4608K, reserved 1048576K
}
Event: 7,168 GC heap after
{Heap after GC invocations=9 (full 0):
 garbage-first heap   total 155648K, used 16041K [0x000000008c600000, 0x0000000100000000)
  region size 1024K, 6 young (6144K), 6 survivors (6144K)
 Metaspace       used 32306K, capacity 33474K, committed 33792K, reserved 1079296K
  class space    used 4046K, capacity 4513K, committed 4608K, reserved 1048576K
}
Event: 7,659 GC heap before
{Heap before GC invocations=9 (full 0):
 garbage-first heap   total 155648K, used 46761K [0x000000008c600000, 0x0000000100000000)
  region size 1024K, 37 young (37888K), 6 survivors (6144K)
 Metaspace       used 34445K, capacity 35598K, committed 35840K, reserved 1081344K
  class space    used 4315K, capacity 4773K, committed 4864K, reserved 1048576K
}
Event: 7,677 GC heap after
{Heap after GC invocations=10 (full 0):
 garbage-first heap   total 193536K, used 16931K [0x000000008c600000, 0x0000000100000000)
  region size 1024K, 7 young (7168K), 7 survivors (7168K)
 Metaspace       used 34445K, capacity 35598K, committed 35840K, reserved 1081344K
  class space    used 4315K, capacity 4773K, committed 4864K, reserved 1048576K
}
Event: 9,234 GC heap before
{Heap before GC invocations=11 (full 0):
 garbage-first heap   total 193536K, used 114211K [0x000000008c600000, 0x0000000100000000)
  region size 1024K, 102 young (104448K), 7 survivors (7168K)
 Metaspace       used 44603K, capacity 45895K, committed 46208K, reserved 1089536K
  class space    used 5773K, capacity 6261K, committed 6272K, reserved 1048576K
}
Event: 9,256 GC heap after
{Heap after GC invocations=12 (full 0):
 garbage-first heap   total 193536K, used 20735K [0x000000008c600000, 0x0000000100000000)
  region size 1024K, 11 young (11264K), 11 survivors (11264K)
 Metaspace       used 44603K, capacity 45895K, committed 46208K, reserved 1089536K
  class space    used 5773K, capacity 6261K, committed 6272K, reserved 1048576K
}
Event: 10,831 GC heap before
{Heap before GC invocations=13 (full 0):
 garbage-first heap   total 193536K, used 123135K [0x000000008c600000, 0x0000000100000000)
  region size 1024K, 111 young (113664K), 11 survivors (11264K)
 Metaspace       used 52419K, capacity 53688K, committed 54272K, reserved 1095680K
  class space    used 6932K, capacity 7423K, committed 7424K, reserved 1048576K
}
Event: 10,860 GC heap after
{Heap after GC invocations=14 (full 0):
 garbage-first heap   total 193536K, used 24043K [0x000000008c600000, 0x0000000100000000)
  region size 1024K, 9 young (9216K), 9 survivors (9216K)
 Metaspace       used 52419K, capacity 53688K, committed 54272K, reserved 1095680K
  class space    used 6932K, capacity 7423K, committed 7424K, reserved 1048576K
}
Event: 12,862 GC heap before
{Heap before GC invocations=14 (full 0):
 garbage-first heap   total 193536K, used 130539K [0x000000008c600000, 0x0000000100000000)
  region size 1024K, 113 young (115712K), 9 survivors (9216K)
 Metaspace       used 59976K, capacity 61579K, committed 61824K, reserved 1101824K
  class space    used 7859K, capacity 8476K, committed 8576K, reserved 1048576K
}
Event: 12,890 GC heap after
{Heap after GC invocations=15 (full 0):
 garbage-first heap   total 193536K, used 28217K [0x000000008c600000, 0x0000000100000000)
  region size 1024K, 12 young (12288K), 12 survivors (12288K)
 Metaspace       used 59976K, capacity 61579K, committed 61824K, reserved 1101824K
  class space    used 7859K, capacity 8476K, committed 8576K, reserved 1048576K
}
Event: 1531,840 GC heap before
{Heap before GC invocations=15 (full 0):
 garbage-first heap   total 193536K, used 131641K [0x000000008c600000, 0x0000000100000000)
  region size 1024K, 113 young (115712K), 12 survivors (12288K)
 Metaspace       used 65400K, capacity 67136K, committed 67328K, reserved 1107968K
  class space    used 8506K, capacity 9170K, committed 9216K, reserved 1048576K
}
Event: 1532,243 GC heap after
{Heap after GC invocations=16 (full 0):
 garbage-first heap   total 232448K, used 29717K [0x000000008c600000, 0x0000000100000000)
  region size 1024K, 9 young (9216K), 9 survivors (9216K)
 Metaspace       used 65400K, capacity 67136K, committed 67328K, reserved 1107968K
  class space    used 8506K, capacity 9170K, committed 9216K, reserved 1048576K
}
Event: 1606,521 GC heap before
{Heap before GC invocations=16 (full 0):
 garbage-first heap   total 232448K, used 31765K [0x000000008c600000, 0x0000000100000000)
  region size 1024K, 11 young (11264K), 9 survivors (9216K)
 Metaspace       used 65400K, capacity 67136K, committed 67328K, reserved 1107968K
  class space    used 8506K, capacity 9170K, committed 9216K, reserved 1048576K
}
Event: 1606,560 GC heap after
{Heap after GC invocations=17 (full 0):
 garbage-first heap   total 232448K, used 30952K [0x000000008c600000, 0x0000000100000000)
  region size 1024K, 2 young (2048K), 2 survivors (2048K)
 Metaspace       used 65400K, capacity 67136K, committed 67328K, reserved 1107968K
  class space    used 8506K, capacity 9170K, committed 9216K, reserved 1048576K
}

